<?xml version="1.0" encoding="UTF-8"?>
<testng-results ignored="1" total="6" passed="5" failed="0" skipped="0">
  <reporter-output>
  </reporter-output>
  <suite started-at="2022-01-13T16:54:31 IST" name="EcomTest" finished-at="2022-01-13T16:55:07 IST" duration-ms="35924">
    <groups>
    </groups>
    <test started-at="2022-01-13T16:54:31 IST" name="Amazon App Test" finished-at="2022-01-13T16:55:07 IST" duration-ms="35924">
      <class name="com.EcomAmazon.TestCases.TC_HomePageTest_001">
        <test-method is-config="true" signature="setup()[pri:0, instance:com.EcomAmazon.TestCases.TC_HomePageTest_001@48075da3]" started-at="2022-01-13T16:54:31 IST" name="setup" finished-at="2022-01-13T16:54:48 IST" duration-ms="17534" status="PASS">
          <reporter-output>
          </reporter-output>
        </test-method> <!-- setup -->
        <test-method signature="clickKids()[pri:0, instance:com.EcomAmazon.TestCases.TC_HomePageTest_001@48075da3]" started-at="2022-01-13T16:54:48 IST" name="clickKids" finished-at="2022-01-13T16:54:51 IST" duration-ms="2447" status="PASS">
          <reporter-output>
          </reporter-output>
        </test-method> <!-- clickKids -->
        <test-method signature="clickMen()[pri:0, instance:com.EcomAmazon.TestCases.TC_HomePageTest_001@48075da3]" started-at="2022-01-13T16:54:51 IST" name="clickMen" finished-at="2022-01-13T16:54:55 IST" duration-ms="4289" status="PASS">
          <reporter-output>
          </reporter-output>
        </test-method> <!-- clickMen -->
        <test-method signature="clickWomen()[pri:0, instance:com.EcomAmazon.TestCases.TC_HomePageTest_001@48075da3]" started-at="2022-01-13T16:54:55 IST" name="clickWomen" finished-at="2022-01-13T16:54:57 IST" duration-ms="1980" status="PASS">
          <reporter-output>
          </reporter-output>
        </test-method> <!-- clickWomen -->
        <test-method signature="logoTest()[pri:1, instance:com.EcomAmazon.TestCases.TC_HomePageTest_001@48075da3]" started-at="2022-01-13T16:54:57 IST" name="logoTest" finished-at="2022-01-13T16:54:57 IST" duration-ms="113" status="PASS">
          <reporter-output>
          </reporter-output>
        </test-method> <!-- logoTest -->
        <test-method signature="logoClick()[pri:2, instance:com.EcomAmazon.TestCases.TC_HomePageTest_001@48075da3]" started-at="2022-01-13T16:54:57 IST" name="logoClick" finished-at="2022-01-13T16:55:05 IST" duration-ms="7524" status="PASS">
          <reporter-output>
          </reporter-output>
        </test-method> <!-- logoClick -->
        <test-method is-config="true" signature="tearDown()[pri:0, instance:com.EcomAmazon.TestCases.TC_HomePageTest_001@48075da3]" started-at="2022-01-13T16:55:05 IST" name="tearDown" finished-at="2022-01-13T16:55:07 IST" duration-ms="1954" status="PASS">
          <reporter-output>
          </reporter-output>
        </test-method> <!-- tearDown -->
      </class> <!-- com.EcomAmazon.TestCases.TC_HomePageTest_001 -->
    </test> <!-- Amazon App Test -->
  </suite> <!-- EcomTest -->
</testng-results>
