<?xml version="1.0" encoding="UTF-8"?>
<!-- Generated by org.testng.reporters.JUnitXMLReporter -->
<testsuite ignored="1" hostname="LAPTOP-U7REJBUE" failures="0" tests="5" name="Amazon App Test" time="35.924" errors="0" timestamp="2022-01-13T16:55:07 IST">
  <testcase classname="com.EcomAmazon.TestCases.TC_HomePageTest_001" name="clickKids" time="2.447"/>
  <testcase classname="com.EcomAmazon.TestCases.TC_HomePageTest_001" name="clickMen" time="4.289"/>
  <testcase classname="com.EcomAmazon.TestCases.TC_HomePageTest_001" name="clickWomen" time="1.98"/>
  <testcase classname="com.EcomAmazon.TestCases.TC_HomePageTest_001" name="logoTest" time="0.113"/>
  <testcase classname="com.EcomAmazon.TestCases.TC_HomePageTest_001" name="logoClick" time="7.524"/>
  <testcase classname="com.EcomAmazon.TestCases.TC_HomePageTest_001" name="checkTitle" time="0.0">
    <ignored/>
  </testcase> <!-- checkTitle -->
</testsuite> <!-- Amazon App Test -->
